  concert.cpp
C:\cpp\복습\concert.h(13,12): error C2143: 구문 오류: ';'이(가) '<' 앞에 없습니다.
C:\cpp\복습\concert.h(13,12): error C4430: 형식 지정자가 없습니다. int로 가정합니다. 참고: C++에서는 기본 int를 지원하지 않습니다.
C:\cpp\복습\concert.h(13,38): error C2238: ';' 앞에 예기치 않은 토큰이 있습니다.
C:\cpp\복습\concert.cpp(8,35): error C2614: 'concert': 멤버 초기화가 잘못되었습니다. 'rList'이(가) 기본 또는 멤버가 아닙니다.
C:\cpp\복습\concert.cpp(19,3): error C2065: 'rList': 선언되지 않은 식별자입니다.
C:\cpp\복습\concert.cpp(19,22): error C2039: 'rList': 'concert'의 멤버가 아닙니다.
C:\cpp\복습\concert.h(5): message : 'concert' 선언을 참조하십시오.
C:\cpp\복습\concert.cpp(23,70): error C2039: 'rList': 'concert'의 멤버가 아닙니다.
C:\cpp\복습\concert.h(5): message : 'concert' 선언을 참조하십시오.
C:\cpp\복습\concert.cpp(23,57): error C2672: 'std::move': 일치하는 오버로드된 함수가 없습니다.
C:\cpp\복습\concert.cpp(23,75): error C2780: '_OutIt std::move(_InIt,_InIt,_OutIt)': 인수가 3개 있어야 하는데 1개를 사용했습니다.
C:\Program Files\Microsoft Visual Studio\2022\Community\VC\Tools\MSVC\14.31.31103\include\xutility(4268): message : 'std::move' 선언을 참조하십시오.
C:\cpp\복습\concert.cpp(23,51): error C2614: 'concert': 멤버 초기화가 잘못되었습니다. 'rList'이(가) 기본 또는 멤버가 아닙니다.
C:\cpp\복습\concert.cpp(27,10): error C2039: 'rList': 'concert'의 멤버가 아닙니다.
C:\cpp\복습\concert.h(5): message : 'concert' 선언을 참조하십시오.
C:\cpp\복습\concert.cpp(37,17): error C2065: 'rList': 선언되지 않은 식별자입니다.
C:\cpp\복습\concert.cpp(39,10): error C2065: 'rList': 선언되지 않은 식별자입니다.
C:\cpp\복습\concert.cpp(69,11): error C2065: 'rList': 선언되지 않은 식별자입니다.
  testmain.cpp
C:\cpp\복습\concert.h(13,12): error C2143: 구문 오류: ';'이(가) '<' 앞에 없습니다.
C:\cpp\복습\concert.h(13,12): error C4430: 형식 지정자가 없습니다. int로 가정합니다. 참고: C++에서는 기본 int를 지원하지 않습니다.
C:\cpp\복습\concert.h(13,38): error C2238: ';' 앞에 예기치 않은 토큰이 있습니다.
  코드를 생성하고 있습니다...
